<?xml version="1.0" encoding="UTF-8"?>
<!-- Generated by org.testng.reporters.JUnitReportReporter -->
<testsuite hostname="Kaustabh-Laptop" failures="0" tests="1" name="com.myframework.testcases.LoginTestSWAG" time="19.810" errors="0" timestamp="2022-03-03T15:33:05 IST" skipped="0">
  <testcase classname="com.myframework.testcases.LoginTestSWAG" name="loginApp" time="19.810"/>
  <system-out/>
</testsuite> <!-- com.myframework.testcases.LoginTestSWAG -->
