<?xml version="1.0" encoding="UTF-8"?>
<!-- Generated by org.testng.reporters.JUnitReportReporter -->
<testsuite hostname="Kaustabh-Laptop" failures="0" tests="1" name="com.myframework.testcases.LoginTest" time="11.331" errors="0" timestamp="2022-03-02T12:50:09 IST" skipped="0">
  <testcase classname="com.myframework.testcases.LoginTest" name="loginApp" time="11.331"/>
  <system-out/>
</testsuite> <!-- com.myframework.testcases.LoginTest -->
