<?xml version="1.0" encoding="UTF-8"?>
<!-- Generated by org.testng.reporters.JUnitReportReporter -->
<testsuite hostname="Kaustabh-Laptop" failures="0" tests="1" name="com.myframework.testcases.LoginTestCRM" time="3.938" errors="0" timestamp="2022-03-02T17:25:59 IST" skipped="0">
  <testcase classname="com.myframework.testcases.LoginTestCRM" name="loginApp" time="3.938"/>
  <system-out/>
</testsuite> <!-- com.myframework.testcases.LoginTestCRM -->
